<?xml version="1.0" encoding="UTF-8"?>
<!-- Generated by org.testng.reporters.JUnitReportReporter -->
<testsuite skipped="0" hostname="BLR2-1800107868" name="qaclickacademy.AppiumTest" tests="2" failures="0" timestamp="2020-02-01T01:32:29 IST" time="0.005" errors="0">
  <testcase name="SecondTest1" time="0.004" classname="qaclickacademy.AppiumTest"/>
  <system-out/>
  <testcase name="SecondTest2" time="0.001" classname="qaclickacademy.AppiumTest"/>
  <system-out/>
</testsuite> <!-- qaclickacademy.AppiumTest -->
