<?xml version="1.0" encoding="UTF-8"?>
<!-- Generated by org.testng.reporters.JUnitReportReporter -->
<testsuite skipped="0" hostname="BLR2-1800107868" name="qaclickacademy.SeleniumTest" tests="2" failures="0" timestamp="2020-02-01T01:12:51 IST" time="0.012" errors="0">
  <testcase name="Dummymethod2" time="0.000" classname="qaclickacademy.SeleniumTest"/>
  <system-out/>
  <testcase name="Dummymethod1" time="0.012" classname="qaclickacademy.SeleniumTest"/>
  <system-out/>
</testsuite> <!-- qaclickacademy.SeleniumTest -->
